Using pre-set license
Built from '2022.3/staging' branch; Version is '2022.3.30f1 (70558241b701) revision 7361922'; Using compiler version '192829333'; Build Type 'Release'
OS: 'Windows 11  (10.0.22621) 64bit Professional' Language: 'zh' Physical Memory: 32542 MB
BatchMode: 1, IsHumanControllingUs: 0, StartBugReporterOnCrash: 0, Is64bit: 1, IsPro: 1

COMMAND LINE ARGUMENTS:
C:\Program Files\Unity\Hub\Editor\2022.3.30f1\Editor\Unity.exe
-adb2
-batchMode
-noUpm
-name
AssetImportWorker1
-projectPath
D:/DARK_SOUL
-logFile
Logs/AssetImportWorker1.log
-srvPort
54813
Successfully changed project path to: D:/DARK_SOUL
D:/DARK_SOUL
[UnityMemory] Configuration Parameters - Can be set up in boot.config
    "memorysetup-bucket-allocator-granularity=16"
    "memorysetup-bucket-allocator-bucket-count=8"
    "memorysetup-bucket-allocator-block-size=33554432"
    "memorysetup-bucket-allocator-block-count=8"
    "memorysetup-main-allocator-block-size=16777216"
    "memorysetup-thread-allocator-block-size=16777216"
    "memorysetup-gfx-main-allocator-block-size=16777216"
    "memorysetup-gfx-thread-allocator-block-size=16777216"
    "memorysetup-cache-allocator-block-size=4194304"
    "memorysetup-typetree-allocator-block-size=2097152"
    "memorysetup-profiler-bucket-allocator-granularity=16"
    "memorysetup-profiler-bucket-allocator-bucket-count=8"
    "memorysetup-profiler-bucket-allocator-block-size=33554432"
    "memorysetup-profiler-bucket-allocator-block-count=8"
    "memorysetup-profiler-allocator-block-size=16777216"
    "memorysetup-profiler-editor-allocator-block-size=1048576"
    "memorysetup-temp-allocator-size-main=16777216"
    "memorysetup-job-temp-allocator-block-size=2097152"
    "memorysetup-job-temp-allocator-block-size-background=1048576"
    "memorysetup-job-temp-allocator-reduction-small-platforms=262144"
    "memorysetup-allocator-temp-initial-block-size-main=262144"
    "memorysetup-allocator-temp-initial-block-size-worker=262144"
    "memorysetup-temp-allocator-size-background-worker=32768"
    "memorysetup-temp-allocator-size-job-worker=262144"
    "memorysetup-temp-allocator-size-preload-manager=33554432"
    "memorysetup-temp-allocator-size-nav-mesh-worker=65536"
    "memorysetup-temp-allocator-size-audio-worker=65536"
    "memorysetup-temp-allocator-size-cloud-worker=32768"
    "memorysetup-temp-allocator-size-gi-baking-worker=262144"
    "memorysetup-temp-allocator-size-gfx=262144"
Player connection [83360] Host "[IP] 10.46.72.33 [Port] 0 [Flags] 2 [Guid] 900711287 [EditorId] 900711287 [Version] 1048832 [Id] WindowsEditor(7,ULIANYAO-PC0) [Debug] 1 [PackageName] WindowsEditor [ProjectName] Editor" joined multi-casting on [225.0.0.222:54997]...

Player connection [83360] Host "[IP] 10.46.72.33 [Port] 0 [Flags] 2 [Guid] 900711287 [EditorId] 900711287 [Version] 1048832 [Id] WindowsEditor(7,ULIANYAO-PC0) [Debug] 1 [PackageName] WindowsEditor [ProjectName] Editor" joined alternative multi-casting on [225.0.0.222:34997]...

[Physics::Module] Initialized MultithreadedJobDispatcher with 7 workers.
Refreshing native plugins compatible for Editor in 66.48 ms, found 3 plugins.
Preloading 0 native plugins for Editor in 0.00 ms.
Initialize engine version: 2022.3.30f1 (70558241b701)
[Subsystems] Discovering subsystems at path C:/Program Files/Unity/Hub/Editor/2022.3.30f1/Editor/Data/Resources/UnitySubsystems
[Subsystems] Discovering subsystems at path D:/DARK_SOUL/Assets
GfxDevice: creating device client; threaded=0; jobified=0
Direct3D:
    Version:  Direct3D 11.0 [level 11.1]
    Renderer: NVIDIA GeForce RTX 2060 (ID=0x1f08)
    Vendor:   NVIDIA
    VRAM:     5968 MB
    Driver:   31.0.15.3179
Initialize mono
Mono path[0] = 'C:/Program Files/Unity/Hub/Editor/2022.3.30f1/Editor/Data/Managed'
Mono path[1] = 'C:/Program Files/Unity/Hub/Editor/2022.3.30f1/Editor/Data/MonoBleedingEdge/lib/mono/unityjit-win32'
Mono config path = 'C:/Program Files/Unity/Hub/Editor/2022.3.30f1/Editor/Data/MonoBleedingEdge/etc'
Using monoOptions --debugger-agent=transport=dt_socket,embedding=1,server=y,suspend=n,address=127.0.0.1:56160
Begin MonoManager ReloadAssembly
Registering precompiled unity dll's ...
Register platform support module: C:/Program Files/Unity/Hub/Editor/2022.3.30f1/Editor/Data/PlaybackEngines/WindowsStandaloneSupport/UnityEditor.WindowsStandalone.Extensions.dll
Registered in 0.005517 seconds.
- Loaded All Assemblies, in  0.428 seconds
Native extension for WindowsStandalone target not found
Mono: successfully reloaded assembly
- Finished resetting the current domain, in  0.353 seconds
Domain Reload Profiling: 781ms
	BeginReloadAssembly (132ms)
		ExecutionOrderSort (0ms)
		DisableScriptedObjects (0ms)
		BackupInstance (0ms)
		ReleaseScriptingObjects (0ms)
		CreateAndSetChildDomain (1ms)
	RebuildCommonClasses (41ms)
	RebuildNativeTypeToScriptingClass (15ms)
	initialDomainReloadingComplete (70ms)
	LoadAllAssembliesAndSetupDomain (169ms)
		LoadAssemblies (131ms)
		RebuildTransferFunctionScriptingTraits (0ms)
		AnalyzeDomain (167ms)
			TypeCache.Refresh (165ms)
				TypeCache.ScanAssembly (148ms)
			ScanForSourceGeneratedMonoScriptInfo (0ms)
			ResolveRequiredComponents (0ms)
	FinalizeReload (354ms)
		ReleaseScriptCaches (0ms)
		RebuildScriptCaches (0ms)
		SetupLoadedEditorAssemblies (287ms)
			LogAssemblyErrors (0ms)
			InitializePlatformSupportModulesInManaged (9ms)
			SetLoadedEditorAssemblies (10ms)
			RefreshPlugins (0ms)
			BeforeProcessingInitializeOnLoad (3ms)
			ProcessInitializeOnLoadAttributes (179ms)
			ProcessInitializeOnLoadMethodAttributes (86ms)
			AfterProcessingInitializeOnLoad (0ms)
			EditorAssembliesLoaded (0ms)
		ExecutionOrderSort2 (0ms)
		AwakeInstancesAfterBackupRestoration (0ms)
========================================================================
Worker process is ready to serve import requests
Begin MonoManager ReloadAssembly
- Loaded All Assemblies, in  0.750 seconds
Refreshing native plugins compatible for Editor in 3.92 ms, found 3 plugins.
Native extension for WindowsStandalone target not found
Package Manager log level set to [2]
[Package Manager] Server::EnsureServerProcessIsRunning -- launch failed, reason: Unity was launched with the -noUpm command-line argument
[Package Manager] UpmClient::Send -- Unable to send message (not connected to UPM process).
[Package Manager] Cannot connect to Unity Package Manager local server
Mono: successfully reloaded assembly
- Finished resetting the current domain, in  1.208 seconds
Domain Reload Profiling: 1959ms
	BeginReloadAssembly (169ms)
		ExecutionOrderSort (0ms)
		DisableScriptedObjects (7ms)
		BackupInstance (0ms)
		ReleaseScriptingObjects (0ms)
		CreateAndSetChildDomain (23ms)
	RebuildCommonClasses (39ms)
	RebuildNativeTypeToScriptingClass (11ms)
	initialDomainReloadingComplete (42ms)
	LoadAllAssembliesAndSetupDomain (489ms)
		LoadAssemblies (348ms)
		RebuildTransferFunctionScriptingTraits (0ms)
		AnalyzeDomain (242ms)
			TypeCache.Refresh (210ms)
				TypeCache.ScanAssembly (181ms)
			ScanForSourceGeneratedMonoScriptInfo (21ms)
			ResolveRequiredComponents (10ms)
	FinalizeReload (1209ms)
		ReleaseScriptCaches (0ms)
		RebuildScriptCaches (0ms)
		SetupLoadedEditorAssemblies (1007ms)
			LogAssemblyErrors (0ms)
			InitializePlatformSupportModulesInManaged (6ms)
			SetLoadedEditorAssemblies (5ms)
			RefreshPlugins (0ms)
			BeforeProcessingInitializeOnLoad (66ms)
			ProcessInitializeOnLoadAttributes (902ms)
			ProcessInitializeOnLoadMethodAttributes (23ms)
			AfterProcessingInitializeOnLoad (4ms)
			EditorAssembliesLoaded (0ms)
		ExecutionOrderSort2 (0ms)
		AwakeInstancesAfterBackupRestoration (13ms)
Launched and connected shader compiler UnityShaderCompiler.exe after 0.14 seconds
Refreshing native plugins compatible for Editor in 3.97 ms, found 3 plugins.
Preloading 0 native plugins for Editor in 0.00 ms.
Unloading 3730 Unused Serialized files (Serialized files now loaded: 0)
Unloading 53 unused Assets / (131.7 KB). Loaded Objects now: 4197.
Memory consumption went from 145.6 MB to 145.5 MB.
Total: 3.778300 ms (FindLiveObjects: 0.337100 ms CreateObjectMapping: 0.349000 ms MarkObjects: 2.927200 ms  DeleteObjects: 0.163600 ms)

AssetImportParameters requested are different than current active one (requested -> active):
  custom:container-demuxer-ogg: 62fdf1f143b41e24485cea50d1cbac27 -> 
  custom:video-codec-MediaFoundation-h265: 746d11721c4dcdbdad8f713fa42b33f4 -> 
  custom:video-decoder-ogg-theora: a1e56fd34408186e4bbccfd4996cb3dc -> 
  custom:framework-win-MediaFoundation: 216162199b28c13a410421893ffa2e32 -> 
  custom:CustomObjectIndexerAttribute: 9a22284fe3817be447336de3de66b15e -> 
  custom:container-demuxer-webm: 4f35f7cbe854078d1ac9338744f61a02 -> 
  custom:container-muxer-webm: aa71ff27fc2769a1b78a27578f13a17b -> 
  custom:video-decoder-webm-vp8: 9c59270c3fd7afecdb556c50c9e8de78 -> 
  custom:SearchIndexIgnoredProperties: e643bd26f0fe6173181afceb89e7c659 -> 
  custom:AudioImporter_EditorPlatform: d09bf68614088b80899f8185d706f6e7 -> 
  custom:video-encoder-webm-vp8: eb34c28f22e8b96e1ab97ce403110664 -> 
  custom:audio-decoder-ogg-vorbis: bf7c407c2cedff20999df2af8eb42d56 -> 
  custom:audio-encoder-webm-vorbis: bf7c407c2cedff20999df2af8eb42d56 -> 
========================================================================
Received Prepare
Begin MonoManager ReloadAssembly
- Loaded All Assemblies, in  0.478 seconds
Refreshing native plugins compatible for Editor in 4.95 ms, found 3 plugins.
Native extension for WindowsStandalone target not found
[Package Manager] Server::EnsureServerProcessIsRunning -- launch failed, reason: Unity was launched with the -noUpm command-line argument
[Package Manager] UpmClient::Send -- Unable to send message (not connected to UPM process).
[Package Manager] Cannot connect to Unity Package Manager local server
Mono: successfully reloaded assembly
- Finished resetting the current domain, in  1.150 seconds
Domain Reload Profiling: 1628ms
	BeginReloadAssembly (179ms)
		ExecutionOrderSort (0ms)
		DisableScriptedObjects (7ms)
		BackupInstance (0ms)
		ReleaseScriptingObjects (0ms)
		CreateAndSetChildDomain (38ms)
	RebuildCommonClasses (38ms)
	RebuildNativeTypeToScriptingClass (13ms)
	initialDomainReloadingComplete (26ms)
	LoadAllAssembliesAndSetupDomain (221ms)
		LoadAssemblies (299ms)
		RebuildTransferFunctionScriptingTraits (0ms)
		AnalyzeDomain (20ms)
			TypeCache.Refresh (8ms)
				TypeCache.ScanAssembly (0ms)
			ScanForSourceGeneratedMonoScriptInfo (0ms)
			ResolveRequiredComponents (10ms)
	FinalizeReload (1151ms)
		ReleaseScriptCaches (0ms)
		RebuildScriptCaches (0ms)
		SetupLoadedEditorAssemblies (507ms)
			LogAssemblyErrors (0ms)
			InitializePlatformSupportModulesInManaged (5ms)
			SetLoadedEditorAssemblies (4ms)
			RefreshPlugins (0ms)
			BeforeProcessingInitializeOnLoad (63ms)
			ProcessInitializeOnLoadAttributes (406ms)
			ProcessInitializeOnLoadMethodAttributes (23ms)
			AfterProcessingInitializeOnLoad (5ms)
			EditorAssembliesLoaded (0ms)
		ExecutionOrderSort2 (0ms)
		AwakeInstancesAfterBackupRestoration (16ms)
Refreshing native plugins compatible for Editor in 5.39 ms, found 3 plugins.
Preloading 0 native plugins for Editor in 0.00 ms.
Unloading 3707 Unused Serialized files (Serialized files now loaded: 0)
Unloading 26 unused Assets / (103.4 KB). Loaded Objects now: 4212.
Memory consumption went from 140.6 MB to 140.5 MB.
Total: 3.147900 ms (FindLiveObjects: 0.371300 ms CreateObjectMapping: 0.289000 ms MarkObjects: 2.416400 ms  DeleteObjects: 0.069900 ms)

Prepare: number of updated asset objects reloaded= 0
AssetImportParameters requested are different than current active one (requested -> active):
  custom:container-demuxer-ogg: 62fdf1f143b41e24485cea50d1cbac27 -> 
  custom:video-codec-MediaFoundation-h265: 746d11721c4dcdbdad8f713fa42b33f4 -> 
  custom:video-decoder-ogg-theora: a1e56fd34408186e4bbccfd4996cb3dc -> 
  custom:framework-win-MediaFoundation: 216162199b28c13a410421893ffa2e32 -> 
  custom:CustomObjectIndexerAttribute: 9a22284fe3817be447336de3de66b15e -> 
  custom:container-demuxer-webm: 4f35f7cbe854078d1ac9338744f61a02 -> 
  custom:container-muxer-webm: aa71ff27fc2769a1b78a27578f13a17b -> 
  custom:video-decoder-webm-vp8: 9c59270c3fd7afecdb556c50c9e8de78 -> 
  custom:SearchIndexIgnoredProperties: e643bd26f0fe6173181afceb89e7c659 -> 
  custom:AudioImporter_EditorPlatform: d09bf68614088b80899f8185d706f6e7 -> 
  custom:video-encoder-webm-vp8: eb34c28f22e8b96e1ab97ce403110664 -> 
  custom:audio-decoder-ogg-vorbis: bf7c407c2cedff20999df2af8eb42d56 -> 
  custom:audio-encoder-webm-vorbis: bf7c407c2cedff20999df2af8eb42d56 -> 
========================================================================
Received Import Request.
  Time since last request: 1160605.749914 seconds.
  path: Assets/Art/PolygonFantasyHeroCharacters/Models/ModularCharacter_StaticParts/Chr_ArmLowerLeft_Male_01_Static.fbx
  artifactKey: Guid(a9437084517954e4d890a6f0b6f0c9fe) Importer(815301076,1909f56bfc062723c751e8b465ee728b)
Start importing Assets/Art/PolygonFantasyHeroCharacters/Models/ModularCharacter_StaticParts/Chr_ArmLowerLeft_Male_01_Static.fbx using Guid(a9437084517954e4d890a6f0b6f0c9fe) Importer(815301076,1909f56bfc062723c751e8b465ee728b)  -> (artifact id: 'a32e6d351a698f077292de2a6820dc0a') in 0.158901 seconds
Number of updated asset objects reloaded before import = 0
Number of asset objects unloaded after import = 7
========================================================================
Received Import Request.
  Time since last request: 0.000013 seconds.
  path: Assets/Art/PolygonFantasyHeroCharacters/Models/ModularCharacter_StaticParts/Chr_ArmLowerLeft_Male_04_Static.fbx
  artifactKey: Guid(5c656d3cd3da8d8499e0e7420b96b091) Importer(815301076,1909f56bfc062723c751e8b465ee728b)
Start importing Assets/Art/PolygonFantasyHeroCharacters/Models/ModularCharacter_StaticParts/Chr_ArmLowerLeft_Male_04_Static.fbx using Guid(5c656d3cd3da8d8499e0e7420b96b091) Importer(815301076,1909f56bfc062723c751e8b465ee728b)  -> (artifact id: 'cc010c2204e6d2e1a7aa0ee0ac72aec2') in 0.021451 seconds
Number of updated asset objects reloaded before import = 0
Number of asset objects unloaded after import = 7
========================================================================
Received Import Request.
  Time since last request: 0.000073 seconds.
  path: Assets/Art/PolygonFantasyHeroCharacters/Models/ModularCharacter_StaticParts/Chr_ArmLowerLeft_Male_08_Static.fbx
  artifactKey: Guid(382be02d0f3b48d46808f47b3fc45898) Importer(815301076,1909f56bfc062723c751e8b465ee728b)
Start importing Assets/Art/PolygonFantasyHeroCharacters/Models/ModularCharacter_StaticParts/Chr_ArmLowerLeft_Male_08_Static.fbx using Guid(382be02d0f3b48d46808f47b3fc45898) Importer(815301076,1909f56bfc062723c751e8b465ee728b)  -> (artifact id: 'a266c405c55b29072fa81e3c74deaae0') in 0.012146 seconds
Number of updated asset objects reloaded before import = 0
Number of asset objects unloaded after import = 7
========================================================================
Received Import Request.
  Time since last request: 0.000064 seconds.
  path: Assets/Art/PolygonFantasyHeroCharacters/Models/ModularCharacter_StaticParts/Chr_ArmLowerLeft_Male_02_Static.fbx
  artifactKey: Guid(6e710922421c6c84d8a80f9e7627ec2a) Importer(815301076,1909f56bfc062723c751e8b465ee728b)
Start importing Assets/Art/PolygonFantasyHeroCharacters/Models/ModularCharacter_StaticParts/Chr_ArmLowerLeft_Male_02_Static.fbx using Guid(6e710922421c6c84d8a80f9e7627ec2a) Importer(815301076,1909f56bfc062723c751e8b465ee728b)  -> (artifact id: 'debb4c3e5135662963b4fc74f18a71a9') in 0.021895 seconds
Number of updated asset objects reloaded before import = 0
Number of asset objects unloaded after import = 7
========================================================================
Received Import Request.
  Time since last request: 0.000015 seconds.
  path: Assets/Art/PolygonFantasyHeroCharacters/Models/ModularCharacter_StaticParts/Chr_ArmLowerLeft_Male_10_Static.fbx
  artifactKey: Guid(234a398bcbd99b04d8fe18a5265508bf) Importer(815301076,1909f56bfc062723c751e8b465ee728b)
Start importing Assets/Art/PolygonFantasyHeroCharacters/Models/ModularCharacter_StaticParts/Chr_ArmLowerLeft_Male_10_Static.fbx using Guid(234a398bcbd99b04d8fe18a5265508bf) Importer(815301076,1909f56bfc062723c751e8b465ee728b)  -> (artifact id: 'c2eafb459f699a70e7a9a2c9211091df') in 0.020427 seconds
Number of updated asset objects reloaded before import = 0
Number of asset objects unloaded after import = 7
========================================================================
Received Import Request.
  Time since last request: 0.093617 seconds.
  path: Assets/Art/PolygonFantasyHeroCharacters/Models/ModularCharacter_StaticParts/Chr_ArmLowerRight_Female_04_Static.fbx
  artifactKey: Guid(1d4eb0c4aade92342a510f6b10a26010) Importer(815301076,1909f56bfc062723c751e8b465ee728b)
Start importing Assets/Art/PolygonFantasyHeroCharacters/Models/ModularCharacter_StaticParts/Chr_ArmLowerRight_Female_04_Static.fbx using Guid(1d4eb0c4aade92342a510f6b10a26010) Importer(815301076,1909f56bfc062723c751e8b465ee728b)  -> (artifact id: '988870ea60046106a8bd16fecc4d0f2e') in 0.026312 seconds
Number of updated asset objects reloaded before import = 0
Number of asset objects unloaded after import = 7
========================================================================
Received Import Request.
  Time since last request: 0.000080 seconds.
  path: Assets/Art/PolygonFantasyHeroCharacters/Models/ModularCharacter_StaticParts/Chr_ArmLowerRight_Female_06_Static.fbx
  artifactKey: Guid(3523cada980fa4144accd6bb2fc72ddf) Importer(815301076,1909f56bfc062723c751e8b465ee728b)
Start importing Assets/Art/PolygonFantasyHeroCharacters/Models/ModularCharacter_StaticParts/Chr_ArmLowerRight_Female_06_Static.fbx using Guid(3523cada980fa4144accd6bb2fc72ddf) Importer(815301076,1909f56bfc062723c751e8b465ee728b)  -> (artifact id: '268058b86bcf5c8aa48b86b93b7fd69c') in 0.020824 seconds
Number of updated asset objects reloaded before import = 0
Number of asset objects unloaded after import = 7
========================================================================
Received Import Request.
  Time since last request: 0.008844 seconds.
  path: Assets/Art/PolygonFantasyHeroCharacters/Models/ModularCharacter_StaticParts/Chr_ArmLowerRight_Female_08_Static.fbx
  artifactKey: Guid(1e5d0b741b9991646bfa0cb8cde38193) Importer(815301076,1909f56bfc062723c751e8b465ee728b)
Start importing Assets/Art/PolygonFantasyHeroCharacters/Models/ModularCharacter_StaticParts/Chr_ArmLowerRight_Female_08_Static.fbx using Guid(1e5d0b741b9991646bfa0cb8cde38193) Importer(815301076,1909f56bfc062723c751e8b465ee728b)  -> (artifact id: 'a8974784c7eeffb0aeb4379785502a29') in 0.011857 seconds
Number of updated asset objects reloaded before import = 0
Number of asset objects unloaded after import = 7
========================================================================
Received Import Request.
  Time since last request: 0.000017 seconds.
  path: Assets/Art/PolygonFantasyHeroCharacters/Models/ModularCharacter_StaticParts/Chr_ArmLowerRight_Female_10_Static.fbx
  artifactKey: Guid(6b6042de9c8245c45886c87c75057794) Importer(815301076,1909f56bfc062723c751e8b465ee728b)
Start importing Assets/Art/PolygonFantasyHeroCharacters/Models/ModularCharacter_StaticParts/Chr_ArmLowerRight_Female_10_Static.fbx using Guid(6b6042de9c8245c45886c87c75057794) Importer(815301076,1909f56bfc062723c751e8b465ee728b)  -> (artifact id: 'cbdb3bfeef11d0fb4af55cab1e3d293b') in 0.013625 seconds
Number of updated asset objects reloaded before import = 0
Number of asset objects unloaded after import = 7
========================================================================
Received Import Request.
  Time since last request: 0.000022 seconds.
  path: Assets/Art/PolygonFantasyHeroCharacters/Models/ModularCharacter_StaticParts/Chr_ArmLowerRight_Female_12_Static.fbx
  artifactKey: Guid(bf18abdf9ef30dc4f80ea093e41d02c5) Importer(815301076,1909f56bfc062723c751e8b465ee728b)
Start importing Assets/Art/PolygonFantasyHeroCharacters/Models/ModularCharacter_StaticParts/Chr_ArmLowerRight_Female_12_Static.fbx using Guid(bf18abdf9ef30dc4f80ea093e41d02c5) Importer(815301076,1909f56bfc062723c751e8b465ee728b)  -> (artifact id: '39efdbae8bc6eea2fcc7c2f9badc703e') in 0.011464 seconds
Number of updated asset objects reloaded before import = 0
Number of asset objects unloaded after import = 7
========================================================================
Received Import Request.
  Time since last request: 0.027086 seconds.
  path: Assets/Art/PolygonFantasyHeroCharacters/Models/ModularCharacter_StaticParts/Chr_ArmLowerRight_Female_14_Static.fbx
  artifactKey: Guid(09e5ae04b58c57347a20cf57c0eeed2b) Importer(815301076,1909f56bfc062723c751e8b465ee728b)
Start importing Assets/Art/PolygonFantasyHeroCharacters/Models/ModularCharacter_StaticParts/Chr_ArmLowerRight_Female_14_Static.fbx using Guid(09e5ae04b58c57347a20cf57c0eeed2b) Importer(815301076,1909f56bfc062723c751e8b465ee728b)  -> (artifact id: 'd8916e0806f016373a2d3269466b9fbc') in 0.016414 seconds
Number of updated asset objects reloaded before import = 0
Number of asset objects unloaded after import = 7
========================================================================
Received Import Request.
  Time since last request: 0.000021 seconds.
  path: Assets/Art/PolygonFantasyHeroCharacters/Models/ModularCharacter_StaticParts/Chr_ArmLowerRight_Female_16_Static.fbx
  artifactKey: Guid(c088e98c821eae64a9d52c19e10071eb) Importer(815301076,1909f56bfc062723c751e8b465ee728b)
Start importing Assets/Art/PolygonFantasyHeroCharacters/Models/ModularCharacter_StaticParts/Chr_ArmLowerRight_Female_16_Static.fbx using Guid(c088e98c821eae64a9d52c19e10071eb) Importer(815301076,1909f56bfc062723c751e8b465ee728b)  -> (artifact id: '19a3e9996bee4ca7c7b9e24d6f59bfa4') in 0.007748 seconds
Number of updated asset objects reloaded before import = 0
Number of asset objects unloaded after import = 7
========================================================================
Received Import Request.
  Time since last request: 0.006076 seconds.
  path: Assets/Art/PolygonFantasyHeroCharacters/Models/ModularCharacter_StaticParts/Chr_ArmLowerRight_Female_18_Static.fbx
  artifactKey: Guid(76070ee1e0c7f90458eda7eca458a345) Importer(815301076,1909f56bfc062723c751e8b465ee728b)
Start importing Assets/Art/PolygonFantasyHeroCharacters/Models/ModularCharacter_StaticParts/Chr_ArmLowerRight_Female_18_Static.fbx using Guid(76070ee1e0c7f90458eda7eca458a345) Importer(815301076,1909f56bfc062723c751e8b465ee728b)  -> (artifact id: 'bf82193a9e7fdfcd14a441f0a69de0e6') in 0.035656 seconds
Number of updated asset objects reloaded before import = 0
Number of asset objects unloaded after import = 7
========================================================================
Received Import Request.
  Time since last request: 0.008792 seconds.
  path: Assets/Art/PolygonFantasyHeroCharacters/Models/ModularCharacter_StaticParts/Chr_ArmLowerRight_Male_01_Static.fbx
  artifactKey: Guid(7aeb0af5602dc9d4b840f0e90ced3b2a) Importer(815301076,1909f56bfc062723c751e8b465ee728b)
Start importing Assets/Art/PolygonFantasyHeroCharacters/Models/ModularCharacter_StaticParts/Chr_ArmLowerRight_Male_01_Static.fbx using Guid(7aeb0af5602dc9d4b840f0e90ced3b2a) Importer(815301076,1909f56bfc062723c751e8b465ee728b)  -> (artifact id: 'b89fd6b5a13d2a8cdab083b89c9ad4d6') in 0.009860 seconds
Number of updated asset objects reloaded before import = 0
Number of asset objects unloaded after import = 7
========================================================================
Received Import Request.
  Time since last request: 0.006891 seconds.
  path: Assets/Art/PolygonFantasyHeroCharacters/Models/ModularCharacter_StaticParts/Chr_ArmLowerRight_Male_03_Static.fbx
  artifactKey: Guid(5158bc2c9814fee4eb6578f70457b482) Importer(815301076,1909f56bfc062723c751e8b465ee728b)
Start importing Assets/Art/PolygonFantasyHeroCharacters/Models/ModularCharacter_StaticParts/Chr_ArmLowerRight_Male_03_Static.fbx using Guid(5158bc2c9814fee4eb6578f70457b482) Importer(815301076,1909f56bfc062723c751e8b465ee728b)  -> (artifact id: 'e0193521130de648e446ded0b8540f64') in 0.017405 seconds
Number of updated asset objects reloaded before import = 0
Number of asset objects unloaded after import = 7
========================================================================
Received Import Request.
  Time since last request: 0.019090 seconds.
  path: Assets/Art/PolygonFantasyHeroCharacters/Models/ModularCharacter_StaticParts/Chr_ArmLowerRight_Male_06_Static.fbx
  artifactKey: Guid(1238bfc81ed8b31499b0a5b6c1b8aa51) Importer(815301076,1909f56bfc062723c751e8b465ee728b)
Start importing Assets/Art/PolygonFantasyHeroCharacters/Models/ModularCharacter_StaticParts/Chr_ArmLowerRight_Male_06_Static.fbx using Guid(1238bfc81ed8b31499b0a5b6c1b8aa51) Importer(815301076,1909f56bfc062723c751e8b465ee728b)  -> (artifact id: '06dba7d5a8efe0d62da0d7d11eb2b465') in 0.007570 seconds
Number of updated asset objects reloaded before import = 0
Number of asset objects unloaded after import = 7
========================================================================
Received Import Request.
  Time since last request: 0.015444 seconds.
  path: Assets/Art/PolygonFantasyHeroCharacters/Models/ModularCharacter_StaticParts/Chr_ArmLowerRight_Male_08_Static.fbx
  artifactKey: Guid(a39f937054721a8429e85955e374e781) Importer(815301076,1909f56bfc062723c751e8b465ee728b)
Start importing Assets/Art/PolygonFantasyHeroCharacters/Models/ModularCharacter_StaticParts/Chr_ArmLowerRight_Male_08_Static.fbx using Guid(a39f937054721a8429e85955e374e781) Importer(815301076,1909f56bfc062723c751e8b465ee728b)  -> (artifact id: '38b6fe63b3498b78286dbd03751192bd') in 0.013050 seconds
Number of updated asset objects reloaded before import = 0
Number of asset objects unloaded after import = 7
========================================================================
Received Import Request.
  Time since last request: 0.000063 seconds.
  path: Assets/Art/PolygonFantasyHeroCharacters/Models/ModularCharacter_StaticParts/Chr_ArmLowerRight_Male_09_Static.fbx
  artifactKey: Guid(2bf366e462b343a4ab74f7b9e036bf42) Importer(815301076,1909f56bfc062723c751e8b465ee728b)
Start importing Assets/Art/PolygonFantasyHeroCharacters/Models/ModularCharacter_StaticParts/Chr_ArmLowerRight_Male_09_Static.fbx using Guid(2bf366e462b343a4ab74f7b9e036bf42) Importer(815301076,1909f56bfc062723c751e8b465ee728b)  -> (artifact id: 'a13beab0162500b79f4fa93745ffe567') in 0.007418 seconds
Number of updated asset objects reloaded before import = 0
Number of asset objects unloaded after import = 7
========================================================================
Received Import Request.
  Time since last request: 0.034825 seconds.
  path: Assets/Art/PolygonFantasyHeroCharacters/Models/ModularCharacter_StaticParts/Chr_ArmLowerRight_Male_12_Static.fbx
  artifactKey: Guid(ba0a7cf0a982af44eb20070c61d10f04) Importer(815301076,1909f56bfc062723c751e8b465ee728b)
Start importing Assets/Art/PolygonFantasyHeroCharacters/Models/ModularCharacter_StaticParts/Chr_ArmLowerRight_Male_12_Static.fbx using Guid(ba0a7cf0a982af44eb20070c61d10f04) Importer(815301076,1909f56bfc062723c751e8b465ee728b)  -> (artifact id: '85d57631764e3ade3c50d971503f3f09') in 0.009215 seconds
Number of updated asset objects reloaded before import = 0
Number of asset objects unloaded after import = 7
========================================================================
Received Import Request.
  Time since last request: 0.005974 seconds.
  path: Assets/Art/PolygonFantasyHeroCharacters/Models/ModularCharacter_StaticParts/Chr_ArmLowerRight_Male_14_Static.fbx
  artifactKey: Guid(1a8b7cbbd45fe5c4db49b1a2443d7894) Importer(815301076,1909f56bfc062723c751e8b465ee728b)
Start importing Assets/Art/PolygonFantasyHeroCharacters/Models/ModularCharacter_StaticParts/Chr_ArmLowerRight_Male_14_Static.fbx using Guid(1a8b7cbbd45fe5c4db49b1a2443d7894) Importer(815301076,1909f56bfc062723c751e8b465ee728b)  -> (artifact id: '4ed87d34f04579a72b8acb393f4809b5') in 0.008824 seconds
Number of updated asset objects reloaded before import = 0
Number of asset objects unloaded after import = 7
========================================================================
Received Import Request.
  Time since last request: 0.020412 seconds.
  path: Assets/Art/PolygonFantasyHeroCharacters/Models/ModularCharacter_StaticParts/Chr_ArmLowerRight_Male_17_Static.fbx
  artifactKey: Guid(2072d9e74e56dc447918fe5b710197a5) Importer(815301076,1909f56bfc062723c751e8b465ee728b)
Start importing Assets/Art/PolygonFantasyHeroCharacters/Models/ModularCharacter_StaticParts/Chr_ArmLowerRight_Male_17_Static.fbx using Guid(2072d9e74e56dc447918fe5b710197a5) Importer(815301076,1909f56bfc062723c751e8b465ee728b)  -> (artifact id: '8958dc75ebdb402efcc469c44db905a9') in 0.015329 seconds
Number of updated asset objects reloaded before import = 0
Number of asset objects unloaded after import = 7
========================================================================
Received Import Request.
  Time since last request: 0.000077 seconds.
  path: Assets/Art/PolygonFantasyHeroCharacters/Models/ModularCharacter_StaticParts/Chr_ArmLowerRight_Male_18_Static.fbx
  artifactKey: Guid(06640bf73b100e441a8d55480899014f) Importer(815301076,1909f56bfc062723c751e8b465ee728b)
Start importing Assets/Art/PolygonFantasyHeroCharacters/Models/ModularCharacter_StaticParts/Chr_ArmLowerRight_Male_18_Static.fbx using Guid(06640bf73b100e441a8d55480899014f) Importer(815301076,1909f56bfc062723c751e8b465ee728b)  -> (artifact id: '91eb6db2e8ac76302ac0d610f05cf821') in 0.008962 seconds
Number of updated asset objects reloaded before import = 0
Number of asset objects unloaded after import = 7
========================================================================
Received Import Request.
  Time since last request: 0.112969 seconds.
  path: Assets/Art/PolygonFantasyHeroCharacters/Models/ModularCharacter_StaticParts/Chr_ArmUpperLeft_Female_05_Static.fbx
  artifactKey: Guid(aa40b62fdae582644952bab1a91f13a0) Importer(815301076,1909f56bfc062723c751e8b465ee728b)
Start importing Assets/Art/PolygonFantasyHeroCharacters/Models/ModularCharacter_StaticParts/Chr_ArmUpperLeft_Female_05_Static.fbx using Guid(aa40b62fdae582644952bab1a91f13a0) Importer(815301076,1909f56bfc062723c751e8b465ee728b)  -> (artifact id: '91ade8893e5b4410898b04d269b3393b') in 0.011311 seconds
Number of updated asset objects reloaded before import = 0
Number of asset objects unloaded after import = 7
========================================================================
Received Import Request.
  Time since last request: 0.000013 seconds.
  path: Assets/Art/PolygonFantasyHeroCharacters/Models/ModularCharacter_StaticParts/Chr_ArmUpperLeft_Female_06_Static.fbx
  artifactKey: Guid(9760b081abcaf044dbd3bf984b1e7766) Importer(815301076,1909f56bfc062723c751e8b465ee728b)
Start importing Assets/Art/PolygonFantasyHeroCharacters/Models/ModularCharacter_StaticParts/Chr_ArmUpperLeft_Female_06_Static.fbx using Guid(9760b081abcaf044dbd3bf984b1e7766) Importer(815301076,1909f56bfc062723c751e8b465ee728b)  -> (artifact id: 'e4182aeff1db8925f0eca0235ad47eb0') in 0.009172 seconds
Number of updated asset objects reloaded before import = 0
Number of asset objects unloaded after import = 7
========================================================================
Received Import Request.
  Time since last request: 0.011378 seconds.
  path: Assets/Art/PolygonFantasyHeroCharacters/Models/ModularCharacter_StaticParts/Chr_ArmUpperLeft_Female_08_Static.fbx
  artifactKey: Guid(2247208a0f0e9d846a27640ae5b5dcee) Importer(815301076,1909f56bfc062723c751e8b465ee728b)
Start importing Assets/Art/PolygonFantasyHeroCharacters/Models/ModularCharacter_StaticParts/Chr_ArmUpperLeft_Female_08_Static.fbx using Guid(2247208a0f0e9d846a27640ae5b5dcee) Importer(815301076,1909f56bfc062723c751e8b465ee728b)  -> (artifact id: 'adbdec3948c549755d7d73ba1863114c') in 0.016930 seconds
Number of updated asset objects reloaded before import = 0
Number of asset objects unloaded after import = 7
========================================================================
Received Import Request.
  Time since last request: 0.002919 seconds.
  path: Assets/Art/PolygonFantasyHeroCharacters/Models/ModularCharacter_StaticParts/Chr_ArmUpperLeft_Female_10_Static.fbx
  artifactKey: Guid(494d7a49ec49afa449add661d8aac0f7) Importer(815301076,1909f56bfc062723c751e8b465ee728b)
Start importing Assets/Art/PolygonFantasyHeroCharacters/Models/ModularCharacter_StaticParts/Chr_ArmUpperLeft_Female_10_Static.fbx using Guid(494d7a49ec49afa449add661d8aac0f7) Importer(815301076,1909f56bfc062723c751e8b465ee728b)  -> (artifact id: 'fafdaf75166aa8fc6ccb11d36063f09b') in 0.008048 seconds
Number of updated asset objects reloaded before import = 0
Number of asset objects unloaded after import = 7
