Using pre-set license
Built from '2022.3/staging' branch; Version is '2022.3.30f1 (70558241b701) revision 7361922'; Using compiler version '192829333'; Build Type 'Release'
OS: 'Windows 11  (10.0.22621) 64bit Professional' Language: 'zh' Physical Memory: 32542 MB
BatchMode: 1, IsHumanControllingUs: 0, StartBugReporterOnCrash: 0, Is64bit: 1, IsPro: 1

COMMAND LINE ARGUMENTS:
C:\Program Files\Unity\Hub\Editor\2022.3.30f1\Editor\Unity.exe
-adb2
-batchMode
-noUpm
-name
AssetImportWorker0
-projectPath
D:/DARK_SOUL
-logFile
Logs/AssetImportWorker0.log
-srvPort
54813
Successfully changed project path to: D:/DARK_SOUL
D:/DARK_SOUL
[UnityMemory] Configuration Parameters - Can be set up in boot.config
    "memorysetup-bucket-allocator-granularity=16"
    "memorysetup-bucket-allocator-bucket-count=8"
    "memorysetup-bucket-allocator-block-size=33554432"
    "memorysetup-bucket-allocator-block-count=8"
    "memorysetup-main-allocator-block-size=16777216"
    "memorysetup-thread-allocator-block-size=16777216"
    "memorysetup-gfx-main-allocator-block-size=16777216"
    "memorysetup-gfx-thread-allocator-block-size=16777216"
    "memorysetup-cache-allocator-block-size=4194304"
    "memorysetup-typetree-allocator-block-size=2097152"
    "memorysetup-profiler-bucket-allocator-granularity=16"
    "memorysetup-profiler-bucket-allocator-bucket-count=8"
    "memorysetup-profiler-bucket-allocator-block-size=33554432"
    "memorysetup-profiler-bucket-allocator-block-count=8"
    "memorysetup-profiler-allocator-block-size=16777216"
    "memorysetup-profiler-editor-allocator-block-size=1048576"
    "memorysetup-temp-allocator-size-main=16777216"
    "memorysetup-job-temp-allocator-block-size=2097152"
    "memorysetup-job-temp-allocator-block-size-background=1048576"
    "memorysetup-job-temp-allocator-reduction-small-platforms=262144"
    "memorysetup-allocator-temp-initial-block-size-main=262144"
    "memorysetup-allocator-temp-initial-block-size-worker=262144"
    "memorysetup-temp-allocator-size-background-worker=32768"
    "memorysetup-temp-allocator-size-job-worker=262144"
    "memorysetup-temp-allocator-size-preload-manager=33554432"
    "memorysetup-temp-allocator-size-nav-mesh-worker=65536"
    "memorysetup-temp-allocator-size-audio-worker=65536"
    "memorysetup-temp-allocator-size-cloud-worker=32768"
    "memorysetup-temp-allocator-size-gi-baking-worker=262144"
    "memorysetup-temp-allocator-size-gfx=262144"
Player connection [62604] Host "[IP] 10.46.72.33 [Port] 0 [Flags] 2 [Guid] 1291269371 [EditorId] 1291269371 [Version] 1048832 [Id] WindowsEditor(7,ULIANYAO-PC0) [Debug] 1 [PackageName] WindowsEditor [ProjectName] Editor" joined multi-casting on [225.0.0.222:54997]...

Player connection [62604] Host "[IP] 10.46.72.33 [Port] 0 [Flags] 2 [Guid] 1291269371 [EditorId] 1291269371 [Version] 1048832 [Id] WindowsEditor(7,ULIANYAO-PC0) [Debug] 1 [PackageName] WindowsEditor [ProjectName] Editor" joined alternative multi-casting on [225.0.0.222:34997]...

[Physics::Module] Initialized MultithreadedJobDispatcher with 7 workers.
Refreshing native plugins compatible for Editor in 66.58 ms, found 3 plugins.
Preloading 0 native plugins for Editor in 0.00 ms.
Initialize engine version: 2022.3.30f1 (70558241b701)
[Subsystems] Discovering subsystems at path C:/Program Files/Unity/Hub/Editor/2022.3.30f1/Editor/Data/Resources/UnitySubsystems
[Subsystems] Discovering subsystems at path D:/DARK_SOUL/Assets
GfxDevice: creating device client; threaded=0; jobified=0
Direct3D:
    Version:  Direct3D 11.0 [level 11.1]
    Renderer: NVIDIA GeForce RTX 2060 (ID=0x1f08)
    Vendor:   NVIDIA
    VRAM:     5968 MB
    Driver:   31.0.15.3179
Initialize mono
Mono path[0] = 'C:/Program Files/Unity/Hub/Editor/2022.3.30f1/Editor/Data/Managed'
Mono path[1] = 'C:/Program Files/Unity/Hub/Editor/2022.3.30f1/Editor/Data/MonoBleedingEdge/lib/mono/unityjit-win32'
Mono config path = 'C:/Program Files/Unity/Hub/Editor/2022.3.30f1/Editor/Data/MonoBleedingEdge/etc'
Using monoOptions --debugger-agent=transport=dt_socket,embedding=1,server=y,suspend=n,address=127.0.0.1:56144
Begin MonoManager ReloadAssembly
Registering precompiled unity dll's ...
Register platform support module: C:/Program Files/Unity/Hub/Editor/2022.3.30f1/Editor/Data/PlaybackEngines/WindowsStandaloneSupport/UnityEditor.WindowsStandalone.Extensions.dll
Registered in 0.004894 seconds.
- Loaded All Assemblies, in  0.429 seconds
Native extension for WindowsStandalone target not found
Mono: successfully reloaded assembly
- Finished resetting the current domain, in  0.353 seconds
Domain Reload Profiling: 782ms
	BeginReloadAssembly (133ms)
		ExecutionOrderSort (0ms)
		DisableScriptedObjects (0ms)
		BackupInstance (0ms)
		ReleaseScriptingObjects (0ms)
		CreateAndSetChildDomain (1ms)
	RebuildCommonClasses (43ms)
	RebuildNativeTypeToScriptingClass (15ms)
	initialDomainReloadingComplete (68ms)
	LoadAllAssembliesAndSetupDomain (170ms)
		LoadAssemblies (131ms)
		RebuildTransferFunctionScriptingTraits (0ms)
		AnalyzeDomain (168ms)
			TypeCache.Refresh (166ms)
				TypeCache.ScanAssembly (149ms)
			ScanForSourceGeneratedMonoScriptInfo (0ms)
			ResolveRequiredComponents (0ms)
	FinalizeReload (354ms)
		ReleaseScriptCaches (0ms)
		RebuildScriptCaches (0ms)
		SetupLoadedEditorAssemblies (287ms)
			LogAssemblyErrors (0ms)
			InitializePlatformSupportModulesInManaged (9ms)
			SetLoadedEditorAssemblies (11ms)
			RefreshPlugins (0ms)
			BeforeProcessingInitializeOnLoad (2ms)
			ProcessInitializeOnLoadAttributes (177ms)
			ProcessInitializeOnLoadMethodAttributes (88ms)
			AfterProcessingInitializeOnLoad (0ms)
			EditorAssembliesLoaded (0ms)
		ExecutionOrderSort2 (0ms)
		AwakeInstancesAfterBackupRestoration (0ms)
========================================================================
Worker process is ready to serve import requests
Begin MonoManager ReloadAssembly
- Loaded All Assemblies, in  0.745 seconds
Refreshing native plugins compatible for Editor in 4.16 ms, found 3 plugins.
Native extension for WindowsStandalone target not found
Package Manager log level set to [2]
[Package Manager] Server::EnsureServerProcessIsRunning -- launch failed, reason: Unity was launched with the -noUpm command-line argument
[Package Manager] UpmClient::Send -- Unable to send message (not connected to UPM process).
[Package Manager] Cannot connect to Unity Package Manager local server
Mono: successfully reloaded assembly
- Finished resetting the current domain, in  1.215 seconds
Domain Reload Profiling: 1961ms
	BeginReloadAssembly (169ms)
		ExecutionOrderSort (0ms)
		DisableScriptedObjects (7ms)
		BackupInstance (0ms)
		ReleaseScriptingObjects (0ms)
		CreateAndSetChildDomain (22ms)
	RebuildCommonClasses (38ms)
	RebuildNativeTypeToScriptingClass (12ms)
	initialDomainReloadingComplete (42ms)
	LoadAllAssembliesAndSetupDomain (485ms)
		LoadAssemblies (349ms)
		RebuildTransferFunctionScriptingTraits (0ms)
		AnalyzeDomain (237ms)
			TypeCache.Refresh (205ms)
				TypeCache.ScanAssembly (184ms)
			ScanForSourceGeneratedMonoScriptInfo (22ms)
			ResolveRequiredComponents (9ms)
	FinalizeReload (1216ms)
		ReleaseScriptCaches (0ms)
		RebuildScriptCaches (0ms)
		SetupLoadedEditorAssemblies (1007ms)
			LogAssemblyErrors (0ms)
			InitializePlatformSupportModulesInManaged (6ms)
			SetLoadedEditorAssemblies (5ms)
			RefreshPlugins (0ms)
			BeforeProcessingInitializeOnLoad (67ms)
			ProcessInitializeOnLoadAttributes (902ms)
			ProcessInitializeOnLoadMethodAttributes (23ms)
			AfterProcessingInitializeOnLoad (4ms)
			EditorAssembliesLoaded (0ms)
		ExecutionOrderSort2 (0ms)
		AwakeInstancesAfterBackupRestoration (13ms)
Launched and connected shader compiler UnityShaderCompiler.exe after 0.13 seconds
Refreshing native plugins compatible for Editor in 3.97 ms, found 3 plugins.
Preloading 0 native plugins for Editor in 0.00 ms.
Unloading 3730 Unused Serialized files (Serialized files now loaded: 0)
Unloading 53 unused Assets / (132.5 KB). Loaded Objects now: 4197.
Memory consumption went from 145.6 MB to 145.5 MB.
Total: 3.848600 ms (FindLiveObjects: 0.388000 ms CreateObjectMapping: 0.321200 ms MarkObjects: 2.992000 ms  DeleteObjects: 0.146000 ms)

AssetImportParameters requested are different than current active one (requested -> active):
  custom:container-demuxer-ogg: 62fdf1f143b41e24485cea50d1cbac27 -> 
  custom:video-codec-MediaFoundation-h265: 746d11721c4dcdbdad8f713fa42b33f4 -> 
  custom:video-decoder-ogg-theora: a1e56fd34408186e4bbccfd4996cb3dc -> 
  custom:framework-win-MediaFoundation: 216162199b28c13a410421893ffa2e32 -> 
  custom:CustomObjectIndexerAttribute: 9a22284fe3817be447336de3de66b15e -> 
  custom:container-demuxer-webm: 4f35f7cbe854078d1ac9338744f61a02 -> 
  custom:container-muxer-webm: aa71ff27fc2769a1b78a27578f13a17b -> 
  custom:video-decoder-webm-vp8: 9c59270c3fd7afecdb556c50c9e8de78 -> 
  custom:SearchIndexIgnoredProperties: e643bd26f0fe6173181afceb89e7c659 -> 
  custom:AudioImporter_EditorPlatform: d09bf68614088b80899f8185d706f6e7 -> 
  custom:video-encoder-webm-vp8: eb34c28f22e8b96e1ab97ce403110664 -> 
  custom:audio-decoder-ogg-vorbis: bf7c407c2cedff20999df2af8eb42d56 -> 
  custom:audio-encoder-webm-vorbis: bf7c407c2cedff20999df2af8eb42d56 -> 
========================================================================
Received Prepare
Begin MonoManager ReloadAssembly
- Loaded All Assemblies, in  0.481 seconds
Refreshing native plugins compatible for Editor in 5.38 ms, found 3 plugins.
Native extension for WindowsStandalone target not found
[Package Manager] Server::EnsureServerProcessIsRunning -- launch failed, reason: Unity was launched with the -noUpm command-line argument
[Package Manager] UpmClient::Send -- Unable to send message (not connected to UPM process).
[Package Manager] Cannot connect to Unity Package Manager local server
Mono: successfully reloaded assembly
- Finished resetting the current domain, in  1.149 seconds
Domain Reload Profiling: 1631ms
	BeginReloadAssembly (182ms)
		ExecutionOrderSort (0ms)
		DisableScriptedObjects (7ms)
		BackupInstance (0ms)
		ReleaseScriptingObjects (0ms)
		CreateAndSetChildDomain (39ms)
	RebuildCommonClasses (38ms)
	RebuildNativeTypeToScriptingClass (13ms)
	initialDomainReloadingComplete (27ms)
	LoadAllAssembliesAndSetupDomain (221ms)
		LoadAssemblies (300ms)
		RebuildTransferFunctionScriptingTraits (0ms)
		AnalyzeDomain (20ms)
			TypeCache.Refresh (8ms)
				TypeCache.ScanAssembly (0ms)
			ScanForSourceGeneratedMonoScriptInfo (0ms)
			ResolveRequiredComponents (10ms)
	FinalizeReload (1151ms)
		ReleaseScriptCaches (0ms)
		RebuildScriptCaches (0ms)
		SetupLoadedEditorAssemblies (516ms)
			LogAssemblyErrors (0ms)
			InitializePlatformSupportModulesInManaged (6ms)
			SetLoadedEditorAssemblies (5ms)
			RefreshPlugins (0ms)
			BeforeProcessingInitializeOnLoad (67ms)
			ProcessInitializeOnLoadAttributes (405ms)
			ProcessInitializeOnLoadMethodAttributes (29ms)
			AfterProcessingInitializeOnLoad (4ms)
			EditorAssembliesLoaded (0ms)
		ExecutionOrderSort2 (0ms)
		AwakeInstancesAfterBackupRestoration (13ms)
Refreshing native plugins compatible for Editor in 3.92 ms, found 3 plugins.
Preloading 0 native plugins for Editor in 0.00 ms.
Unloading 3707 Unused Serialized files (Serialized files now loaded: 0)
Unloading 26 unused Assets / (103.5 KB). Loaded Objects now: 4212.
Memory consumption went from 140.6 MB to 140.5 MB.
Total: 3.253900 ms (FindLiveObjects: 0.316200 ms CreateObjectMapping: 0.285500 ms MarkObjects: 2.548200 ms  DeleteObjects: 0.102800 ms)

Prepare: number of updated asset objects reloaded= 0
AssetImportParameters requested are different than current active one (requested -> active):
  custom:container-demuxer-ogg: 62fdf1f143b41e24485cea50d1cbac27 -> 
  custom:video-codec-MediaFoundation-h265: 746d11721c4dcdbdad8f713fa42b33f4 -> 
  custom:video-decoder-ogg-theora: a1e56fd34408186e4bbccfd4996cb3dc -> 
  custom:framework-win-MediaFoundation: 216162199b28c13a410421893ffa2e32 -> 
  custom:CustomObjectIndexerAttribute: 9a22284fe3817be447336de3de66b15e -> 
  custom:container-demuxer-webm: 4f35f7cbe854078d1ac9338744f61a02 -> 
  custom:container-muxer-webm: aa71ff27fc2769a1b78a27578f13a17b -> 
  custom:video-decoder-webm-vp8: 9c59270c3fd7afecdb556c50c9e8de78 -> 
  custom:SearchIndexIgnoredProperties: e643bd26f0fe6173181afceb89e7c659 -> 
  custom:AudioImporter_EditorPlatform: d09bf68614088b80899f8185d706f6e7 -> 
  custom:video-encoder-webm-vp8: eb34c28f22e8b96e1ab97ce403110664 -> 
  custom:audio-decoder-ogg-vorbis: bf7c407c2cedff20999df2af8eb42d56 -> 
  custom:audio-encoder-webm-vorbis: bf7c407c2cedff20999df2af8eb42d56 -> 
========================================================================
Received Import Request.
  Time since last request: 1160559.846902 seconds.
  path: Assets/Art/PolygonFantasyHeroCharacters/Models/Weapons
  artifactKey: Guid(1fd3e44978cc1f14888b41a5dd439724) Importer(815301076,1909f56bfc062723c751e8b465ee728b)
Start importing Assets/Art/PolygonFantasyHeroCharacters/Models/Weapons using Guid(1fd3e44978cc1f14888b41a5dd439724) Importer(815301076,1909f56bfc062723c751e8b465ee728b)  -> (artifact id: 'aa634bcf85af70fbc9c65223619ff35b') in 0.005411 seconds
Number of updated asset objects reloaded before import = 0
Number of asset objects unloaded after import = 0
========================================================================
Received Import Request.
  Time since last request: 42.637252 seconds.
  path: Assets/Art/PolygonFantasyHeroCharacters/Models/ModularCharacter_StaticParts
  artifactKey: Guid(77fc757ea47de504dbe5c4071cc3f847) Importer(815301076,1909f56bfc062723c751e8b465ee728b)
Start importing Assets/Art/PolygonFantasyHeroCharacters/Models/ModularCharacter_StaticParts using Guid(77fc757ea47de504dbe5c4071cc3f847) Importer(815301076,1909f56bfc062723c751e8b465ee728b)  -> (artifact id: '40a827185f56a9cb4a0fde9d8ef0de35') in 0.000447 seconds
Number of updated asset objects reloaded before import = 0
Number of asset objects unloaded after import = 0
========================================================================
Received Import Request.
  Time since last request: 3.231625 seconds.
  path: Assets/Art/PolygonFantasyHeroCharacters/Models/ModularCharacter_StaticParts/Chr_ArmLowerLeft_Male_00_Static.fbx
  artifactKey: Guid(df80f8b3219b89d4f9f1802e97110921) Importer(815301076,1909f56bfc062723c751e8b465ee728b)
Start importing Assets/Art/PolygonFantasyHeroCharacters/Models/ModularCharacter_StaticParts/Chr_ArmLowerLeft_Male_00_Static.fbx using Guid(df80f8b3219b89d4f9f1802e97110921) Importer(815301076,1909f56bfc062723c751e8b465ee728b)  -> (artifact id: 'da89c992a3e9e152f26a365286fedf47') in 0.183226 seconds
Number of updated asset objects reloaded before import = 0
Number of asset objects unloaded after import = 7
========================================================================
Received Import Request.
  Time since last request: 0.000016 seconds.
  path: Assets/Art/PolygonFantasyHeroCharacters/Models/ModularCharacter_StaticParts/Chr_ArmLowerLeft_Male_07_Static.fbx
  artifactKey: Guid(78cca8bc199f95f49a3b28b81e8207e6) Importer(815301076,1909f56bfc062723c751e8b465ee728b)
Start importing Assets/Art/PolygonFantasyHeroCharacters/Models/ModularCharacter_StaticParts/Chr_ArmLowerLeft_Male_07_Static.fbx using Guid(78cca8bc199f95f49a3b28b81e8207e6) Importer(815301076,1909f56bfc062723c751e8b465ee728b)  -> (artifact id: '046c77b5ff495d49ccbb9b71234d5a6b') in 0.021524 seconds
Number of updated asset objects reloaded before import = 0
Number of asset objects unloaded after import = 7
========================================================================
Received Import Request.
  Time since last request: 0.000023 seconds.
  path: Assets/Art/PolygonFantasyHeroCharacters/Models/ModularCharacter_StaticParts/Chr_ArmLowerLeft_Male_06_Static.fbx
  artifactKey: Guid(4ae12791aebbc664eb0375a64101a3c5) Importer(815301076,1909f56bfc062723c751e8b465ee728b)
Start importing Assets/Art/PolygonFantasyHeroCharacters/Models/ModularCharacter_StaticParts/Chr_ArmLowerLeft_Male_06_Static.fbx using Guid(4ae12791aebbc664eb0375a64101a3c5) Importer(815301076,1909f56bfc062723c751e8b465ee728b)  -> (artifact id: '9866cd69c4c9d24d2e425c2d08e531d4') in 0.012676 seconds
Number of updated asset objects reloaded before import = 0
Number of asset objects unloaded after import = 7
========================================================================
Received Import Request.
  Time since last request: 0.000012 seconds.
  path: Assets/Art/PolygonFantasyHeroCharacters/Models/ModularCharacter_StaticParts/Chr_ArmLowerLeft_Male_03_Static.fbx
  artifactKey: Guid(6ed9b649192e3ee49a6726ae4d635d49) Importer(815301076,1909f56bfc062723c751e8b465ee728b)
Start importing Assets/Art/PolygonFantasyHeroCharacters/Models/ModularCharacter_StaticParts/Chr_ArmLowerLeft_Male_03_Static.fbx using Guid(6ed9b649192e3ee49a6726ae4d635d49) Importer(815301076,1909f56bfc062723c751e8b465ee728b)  -> (artifact id: 'd3a1d8319d603091135c6c835a427eab') in 0.013162 seconds
Number of updated asset objects reloaded before import = 0
Number of asset objects unloaded after import = 7
========================================================================
Received Import Request.
  Time since last request: 0.000075 seconds.
  path: Assets/Art/PolygonFantasyHeroCharacters/Models/ModularCharacter_StaticParts/Chr_ArmLowerLeft_Male_05_Static.fbx
  artifactKey: Guid(e4af1091b0724924b8449b235268a826) Importer(815301076,1909f56bfc062723c751e8b465ee728b)
Start importing Assets/Art/PolygonFantasyHeroCharacters/Models/ModularCharacter_StaticParts/Chr_ArmLowerLeft_Male_05_Static.fbx using Guid(e4af1091b0724924b8449b235268a826) Importer(815301076,1909f56bfc062723c751e8b465ee728b)  -> (artifact id: 'b25f146c048262317a51a35838eedaeb') in 0.008123 seconds
Number of updated asset objects reloaded before import = 0
Number of asset objects unloaded after import = 7
========================================================================
Received Import Request.
  Time since last request: 0.000012 seconds.
  path: Assets/Art/PolygonFantasyHeroCharacters/Models/ModularCharacter_StaticParts/Chr_ArmLowerLeft_Male_09_Static.fbx
  artifactKey: Guid(4a10a27da50186b4082c1c8d9822b5e9) Importer(815301076,1909f56bfc062723c751e8b465ee728b)
Start importing Assets/Art/PolygonFantasyHeroCharacters/Models/ModularCharacter_StaticParts/Chr_ArmLowerLeft_Male_09_Static.fbx using Guid(4a10a27da50186b4082c1c8d9822b5e9) Importer(815301076,1909f56bfc062723c751e8b465ee728b)  -> (artifact id: '4b07dc9eadc0721ceaec02c87589c33a') in 0.020351 seconds
Number of updated asset objects reloaded before import = 0
Number of asset objects unloaded after import = 7
========================================================================
Received Import Request.
  Time since last request: 0.079127 seconds.
  path: Assets/Art/PolygonFantasyHeroCharacters/Models/ModularCharacter_StaticParts/Chr_ArmLowerRight_Female_03_Static.fbx
  artifactKey: Guid(e1ca4035f5e31ad45b61efbfe21404b4) Importer(815301076,1909f56bfc062723c751e8b465ee728b)
Start importing Assets/Art/PolygonFantasyHeroCharacters/Models/ModularCharacter_StaticParts/Chr_ArmLowerRight_Female_03_Static.fbx using Guid(e1ca4035f5e31ad45b61efbfe21404b4) Importer(815301076,1909f56bfc062723c751e8b465ee728b)  -> (artifact id: '5018d4bb7d1c3718e1309278a0d0507a') in 0.013670 seconds
Number of updated asset objects reloaded before import = 0
Number of asset objects unloaded after import = 7
========================================================================
Received Import Request.
  Time since last request: 0.014366 seconds.
  path: Assets/Art/PolygonFantasyHeroCharacters/Models/ModularCharacter_StaticParts/Chr_ArmLowerRight_Female_05_Static.fbx
  artifactKey: Guid(53b065d60124277488a7984ef438da39) Importer(815301076,1909f56bfc062723c751e8b465ee728b)
Start importing Assets/Art/PolygonFantasyHeroCharacters/Models/ModularCharacter_StaticParts/Chr_ArmLowerRight_Female_05_Static.fbx using Guid(53b065d60124277488a7984ef438da39) Importer(815301076,1909f56bfc062723c751e8b465ee728b)  -> (artifact id: '4fd6dd2f26ac0ac82557f5a872a081c8') in 0.028133 seconds
Number of updated asset objects reloaded before import = 0
Number of asset objects unloaded after import = 7
========================================================================
Received Import Request.
  Time since last request: 0.000063 seconds.
  path: Assets/Art/PolygonFantasyHeroCharacters/Models/ModularCharacter_StaticParts/Chr_ArmLowerRight_Female_07_Static.fbx
  artifactKey: Guid(327c3c8e6b526df42a4f287ab8ca125a) Importer(815301076,1909f56bfc062723c751e8b465ee728b)
Start importing Assets/Art/PolygonFantasyHeroCharacters/Models/ModularCharacter_StaticParts/Chr_ArmLowerRight_Female_07_Static.fbx using Guid(327c3c8e6b526df42a4f287ab8ca125a) Importer(815301076,1909f56bfc062723c751e8b465ee728b)  -> (artifact id: 'e0e3983e2620f6c5b8326ceaf5a96300') in 0.013604 seconds
Number of updated asset objects reloaded before import = 0
Number of asset objects unloaded after import = 7
========================================================================
Received Import Request.
  Time since last request: 0.000021 seconds.
  path: Assets/Art/PolygonFantasyHeroCharacters/Models/ModularCharacter_StaticParts/Chr_ArmLowerRight_Female_09_Static.fbx
  artifactKey: Guid(2654dd31593405a40af48e2d02eddf08) Importer(815301076,1909f56bfc062723c751e8b465ee728b)
Start importing Assets/Art/PolygonFantasyHeroCharacters/Models/ModularCharacter_StaticParts/Chr_ArmLowerRight_Female_09_Static.fbx using Guid(2654dd31593405a40af48e2d02eddf08) Importer(815301076,1909f56bfc062723c751e8b465ee728b)  -> (artifact id: 'ec8b547c8b55793478cbacd41c616c4c') in 0.010804 seconds
Number of updated asset objects reloaded before import = 0
Number of asset objects unloaded after import = 7
========================================================================
Received Import Request.
  Time since last request: 0.009144 seconds.
  path: Assets/Art/PolygonFantasyHeroCharacters/Models/ModularCharacter_StaticParts/Chr_ArmLowerRight_Female_11_Static.fbx
  artifactKey: Guid(ce95e30f97590894780a234ed4e81218) Importer(815301076,1909f56bfc062723c751e8b465ee728b)
Start importing Assets/Art/PolygonFantasyHeroCharacters/Models/ModularCharacter_StaticParts/Chr_ArmLowerRight_Female_11_Static.fbx using Guid(ce95e30f97590894780a234ed4e81218) Importer(815301076,1909f56bfc062723c751e8b465ee728b)  -> (artifact id: 'c0f8d429ab2a894e3dcb54efd2061a3d') in 0.008336 seconds
Number of updated asset objects reloaded before import = 0
Number of asset objects unloaded after import = 7
========================================================================
Received Import Request.
  Time since last request: 0.021257 seconds.
  path: Assets/Art/PolygonFantasyHeroCharacters/Models/ModularCharacter_StaticParts/Chr_ArmLowerRight_Female_13_Static.fbx
  artifactKey: Guid(e05d370e635cdc14690816f0f56b0399) Importer(815301076,1909f56bfc062723c751e8b465ee728b)
Start importing Assets/Art/PolygonFantasyHeroCharacters/Models/ModularCharacter_StaticParts/Chr_ArmLowerRight_Female_13_Static.fbx using Guid(e05d370e635cdc14690816f0f56b0399) Importer(815301076,1909f56bfc062723c751e8b465ee728b)  -> (artifact id: 'f65b368127d2eb76842619b95a2f8c81') in 0.014134 seconds
Number of updated asset objects reloaded before import = 0
Number of asset objects unloaded after import = 7
========================================================================
Received Import Request.
  Time since last request: 0.000012 seconds.
  path: Assets/Art/PolygonFantasyHeroCharacters/Models/ModularCharacter_StaticParts/Chr_ArmLowerRight_Female_15_Static.fbx
  artifactKey: Guid(2c291c342553e9644ae5405653a3a2f6) Importer(815301076,1909f56bfc062723c751e8b465ee728b)
Start importing Assets/Art/PolygonFantasyHeroCharacters/Models/ModularCharacter_StaticParts/Chr_ArmLowerRight_Female_15_Static.fbx using Guid(2c291c342553e9644ae5405653a3a2f6) Importer(815301076,1909f56bfc062723c751e8b465ee728b)  -> (artifact id: 'ae94161cf7845306a96524b5480f1bb3') in 0.016127 seconds
Number of updated asset objects reloaded before import = 0
Number of asset objects unloaded after import = 7
========================================================================
Received Import Request.
  Time since last request: 0.000074 seconds.
  path: Assets/Art/PolygonFantasyHeroCharacters/Models/ModularCharacter_StaticParts/Chr_ArmLowerRight_Female_17_Static.fbx
  artifactKey: Guid(72f7fcbc72af1a64db9a9f7045ae4018) Importer(815301076,1909f56bfc062723c751e8b465ee728b)
Start importing Assets/Art/PolygonFantasyHeroCharacters/Models/ModularCharacter_StaticParts/Chr_ArmLowerRight_Female_17_Static.fbx using Guid(72f7fcbc72af1a64db9a9f7045ae4018) Importer(815301076,1909f56bfc062723c751e8b465ee728b)  -> (artifact id: '1e820407ddb4c8c22243351eb610d538') in 0.015627 seconds
Number of updated asset objects reloaded before import = 0
Number of asset objects unloaded after import = 7
========================================================================
Received Import Request.
  Time since last request: 0.019261 seconds.
  path: Assets/Art/PolygonFantasyHeroCharacters/Models/ModularCharacter_StaticParts/Chr_ArmLowerRight_Male_00_Static.fbx
  artifactKey: Guid(ee82e98a6bfe92a4b862ccd0fe16c9b9) Importer(815301076,1909f56bfc062723c751e8b465ee728b)
Start importing Assets/Art/PolygonFantasyHeroCharacters/Models/ModularCharacter_StaticParts/Chr_ArmLowerRight_Male_00_Static.fbx using Guid(ee82e98a6bfe92a4b862ccd0fe16c9b9) Importer(815301076,1909f56bfc062723c751e8b465ee728b)  -> (artifact id: '7609dee8e54fadbd161ed287e2dbf2fc') in 0.024328 seconds
Number of updated asset objects reloaded before import = 0
Number of asset objects unloaded after import = 7
========================================================================
Received Import Request.
  Time since last request: 0.008333 seconds.
  path: Assets/Art/PolygonFantasyHeroCharacters/Models/ModularCharacter_StaticParts/Chr_ArmLowerRight_Male_02_Static.fbx
  artifactKey: Guid(b51bbea4adc9fdf4a8d5aaa64974ebbf) Importer(815301076,1909f56bfc062723c751e8b465ee728b)
Start importing Assets/Art/PolygonFantasyHeroCharacters/Models/ModularCharacter_StaticParts/Chr_ArmLowerRight_Male_02_Static.fbx using Guid(b51bbea4adc9fdf4a8d5aaa64974ebbf) Importer(815301076,1909f56bfc062723c751e8b465ee728b)  -> (artifact id: 'ddebcf919602b0d7f316dbb91513a648') in 0.021517 seconds
Number of updated asset objects reloaded before import = 0
Number of asset objects unloaded after import = 7
========================================================================
Received Import Request.
  Time since last request: 0.002672 seconds.
  path: Assets/Art/PolygonFantasyHeroCharacters/Models/ModularCharacter_StaticParts/Chr_ArmLowerRight_Male_04_Static.fbx
  artifactKey: Guid(f1926e8699a545b4095050f0c872097c) Importer(815301076,1909f56bfc062723c751e8b465ee728b)
Start importing Assets/Art/PolygonFantasyHeroCharacters/Models/ModularCharacter_StaticParts/Chr_ArmLowerRight_Male_04_Static.fbx using Guid(f1926e8699a545b4095050f0c872097c) Importer(815301076,1909f56bfc062723c751e8b465ee728b)  -> (artifact id: 'a00067730075f791983cece3f95c2e98') in 0.007536 seconds
Number of updated asset objects reloaded before import = 0
Number of asset objects unloaded after import = 7
========================================================================
Received Import Request.
  Time since last request: 0.000911 seconds.
  path: Assets/Art/PolygonFantasyHeroCharacters/Models/ModularCharacter_StaticParts/Chr_ArmLowerRight_Male_05_Static.fbx
  artifactKey: Guid(386fa367cdd4f9d418fdad260b8b8c5e) Importer(815301076,1909f56bfc062723c751e8b465ee728b)
Start importing Assets/Art/PolygonFantasyHeroCharacters/Models/ModularCharacter_StaticParts/Chr_ArmLowerRight_Male_05_Static.fbx using Guid(386fa367cdd4f9d418fdad260b8b8c5e) Importer(815301076,1909f56bfc062723c751e8b465ee728b)  -> (artifact id: '5606a52ee935b5e86eb2aaf10d1d27df') in 0.010856 seconds
Number of updated asset objects reloaded before import = 0
Number of asset objects unloaded after import = 7
========================================================================
Received Import Request.
  Time since last request: 0.012917 seconds.
  path: Assets/Art/PolygonFantasyHeroCharacters/Models/ModularCharacter_StaticParts/Chr_ArmLowerRight_Male_07_Static.fbx
  artifactKey: Guid(122c2ee42e7b27340822d5226b85719d) Importer(815301076,1909f56bfc062723c751e8b465ee728b)
Start importing Assets/Art/PolygonFantasyHeroCharacters/Models/ModularCharacter_StaticParts/Chr_ArmLowerRight_Male_07_Static.fbx using Guid(122c2ee42e7b27340822d5226b85719d) Importer(815301076,1909f56bfc062723c751e8b465ee728b)  -> (artifact id: '5df775452493283f757e3c1045779eb2') in 0.023008 seconds
Number of updated asset objects reloaded before import = 0
Number of asset objects unloaded after import = 7
========================================================================
Received Import Request.
  Time since last request: 0.012122 seconds.
  path: Assets/Art/PolygonFantasyHeroCharacters/Models/ModularCharacter_StaticParts/Chr_ArmLowerRight_Male_10_Static.fbx
  artifactKey: Guid(86e2bd86f644484418c4af17460141a1) Importer(815301076,1909f56bfc062723c751e8b465ee728b)
Start importing Assets/Art/PolygonFantasyHeroCharacters/Models/ModularCharacter_StaticParts/Chr_ArmLowerRight_Male_10_Static.fbx using Guid(86e2bd86f644484418c4af17460141a1) Importer(815301076,1909f56bfc062723c751e8b465ee728b)  -> (artifact id: 'f741eba22e174e2b2ebaadaedb5a29f1') in 0.014805 seconds
Number of updated asset objects reloaded before import = 0
Number of asset objects unloaded after import = 7
========================================================================
Received Import Request.
  Time since last request: 0.003974 seconds.
  path: Assets/Art/PolygonFantasyHeroCharacters/Models/ModularCharacter_StaticParts/Chr_ArmLowerRight_Male_11_Static.fbx
  artifactKey: Guid(809864a29bcbec040aa57f42c06681ca) Importer(815301076,1909f56bfc062723c751e8b465ee728b)
Start importing Assets/Art/PolygonFantasyHeroCharacters/Models/ModularCharacter_StaticParts/Chr_ArmLowerRight_Male_11_Static.fbx using Guid(809864a29bcbec040aa57f42c06681ca) Importer(815301076,1909f56bfc062723c751e8b465ee728b)  -> (artifact id: 'a7045a4cfedde33fa1a3a97781db57f9') in 0.014994 seconds
Number of updated asset objects reloaded before import = 0
Number of asset objects unloaded after import = 7
========================================================================
Received Import Request.
  Time since last request: 0.004346 seconds.
  path: Assets/Art/PolygonFantasyHeroCharacters/Models/ModularCharacter_StaticParts/Chr_ArmLowerRight_Male_13_Static.fbx
  artifactKey: Guid(ef96abd275e89174aaea72c8ad2bd85f) Importer(815301076,1909f56bfc062723c751e8b465ee728b)
Start importing Assets/Art/PolygonFantasyHeroCharacters/Models/ModularCharacter_StaticParts/Chr_ArmLowerRight_Male_13_Static.fbx using Guid(ef96abd275e89174aaea72c8ad2bd85f) Importer(815301076,1909f56bfc062723c751e8b465ee728b)  -> (artifact id: 'efa7e0b3cdb33f2e0f69159f74d60dc7') in 0.007267 seconds
Number of updated asset objects reloaded before import = 0
Number of asset objects unloaded after import = 7
========================================================================
Received Import Request.
  Time since last request: 0.003999 seconds.
  path: Assets/Art/PolygonFantasyHeroCharacters/Models/ModularCharacter_StaticParts/Chr_ArmLowerRight_Male_15_Static.fbx
  artifactKey: Guid(565841f9f7a402842abc0ee705be47c5) Importer(815301076,1909f56bfc062723c751e8b465ee728b)
Start importing Assets/Art/PolygonFantasyHeroCharacters/Models/ModularCharacter_StaticParts/Chr_ArmLowerRight_Male_15_Static.fbx using Guid(565841f9f7a402842abc0ee705be47c5) Importer(815301076,1909f56bfc062723c751e8b465ee728b)  -> (artifact id: '0eedae7e208e6668621bd84dde9125ba') in 0.014595 seconds
Number of updated asset objects reloaded before import = 0
Number of asset objects unloaded after import = 7
========================================================================
Received Import Request.
  Time since last request: 0.005796 seconds.
  path: Assets/Art/PolygonFantasyHeroCharacters/Models/ModularCharacter_StaticParts/Chr_ArmLowerRight_Male_16_Static.fbx
  artifactKey: Guid(31ef07e3120e8254fa8c282debadd452) Importer(815301076,1909f56bfc062723c751e8b465ee728b)
Start importing Assets/Art/PolygonFantasyHeroCharacters/Models/ModularCharacter_StaticParts/Chr_ArmLowerRight_Male_16_Static.fbx using Guid(31ef07e3120e8254fa8c282debadd452) Importer(815301076,1909f56bfc062723c751e8b465ee728b)  -> (artifact id: 'ae0e2a0dcacb81020b1b2552e3e208c9') in 0.019115 seconds
Number of updated asset objects reloaded before import = 0
Number of asset objects unloaded after import = 7
========================================================================
Received Import Request.
  Time since last request: 0.101546 seconds.
  path: Assets/Art/PolygonFantasyHeroCharacters/Models/ModularCharacter_StaticParts/Chr_ArmUpperLeft_Female_04_Static.fbx
  artifactKey: Guid(9f9e12ed6c6a7fe46a3fd29075a68ad2) Importer(815301076,1909f56bfc062723c751e8b465ee728b)
Start importing Assets/Art/PolygonFantasyHeroCharacters/Models/ModularCharacter_StaticParts/Chr_ArmUpperLeft_Female_04_Static.fbx using Guid(9f9e12ed6c6a7fe46a3fd29075a68ad2) Importer(815301076,1909f56bfc062723c751e8b465ee728b)  -> (artifact id: '86d27a717d3be888a71024a77f63d748') in 0.032865 seconds
Number of updated asset objects reloaded before import = 0
Number of asset objects unloaded after import = 7
========================================================================
Received Import Request.
  Time since last request: 0.007142 seconds.
  path: Assets/Art/PolygonFantasyHeroCharacters/Models/ModularCharacter_StaticParts/Chr_ArmUpperLeft_Female_07_Static.fbx
  artifactKey: Guid(bf9aca5a512f9a64a9c3e7ef1fe52176) Importer(815301076,1909f56bfc062723c751e8b465ee728b)
Start importing Assets/Art/PolygonFantasyHeroCharacters/Models/ModularCharacter_StaticParts/Chr_ArmUpperLeft_Female_07_Static.fbx using Guid(bf9aca5a512f9a64a9c3e7ef1fe52176) Importer(815301076,1909f56bfc062723c751e8b465ee728b)  -> (artifact id: 'c42bd9442000b8d9f6399de4a46abe53') in 0.013807 seconds
Number of updated asset objects reloaded before import = 0
Number of asset objects unloaded after import = 7
========================================================================
Received Import Request.
  Time since last request: 0.011912 seconds.
  path: Assets/Art/PolygonFantasyHeroCharacters/Models/ModularCharacter_StaticParts/Chr_ArmUpperLeft_Female_09_Static.fbx
  artifactKey: Guid(7a748b47d32e38048b5f47ae101f569c) Importer(815301076,1909f56bfc062723c751e8b465ee728b)
Start importing Assets/Art/PolygonFantasyHeroCharacters/Models/ModularCharacter_StaticParts/Chr_ArmUpperLeft_Female_09_Static.fbx using Guid(7a748b47d32e38048b5f47ae101f569c) Importer(815301076,1909f56bfc062723c751e8b465ee728b)  -> (artifact id: '063f5fa59ff80d0ad085195fe7108206') in 0.008608 seconds
Number of updated asset objects reloaded before import = 0
Number of asset objects unloaded after import = 7
========================================================================
Received Import Request.
  Time since last request: 0.013000 seconds.
  path: Assets/Art/PolygonFantasyHeroCharacters/Models/ModularCharacter_StaticParts/Chr_ArmUpperLeft_Female_11_Static.fbx
  artifactKey: Guid(4355b44c25d2a90459f213a37d4dabb3) Importer(815301076,1909f56bfc062723c751e8b465ee728b)
Start importing Assets/Art/PolygonFantasyHeroCharacters/Models/ModularCharacter_StaticParts/Chr_ArmUpperLeft_Female_11_Static.fbx using Guid(4355b44c25d2a90459f213a37d4dabb3) Importer(815301076,1909f56bfc062723c751e8b465ee728b)  -> (artifact id: 'a104cd1bea6f6c4d7021bf1e810b8759') in 0.008772 seconds
Number of updated asset objects reloaded before import = 0
Number of asset objects unloaded after import = 7
========================================================================
Received Import Request.
  Time since last request: 0.012169 seconds.
  path: Assets/Art/PolygonFantasyHeroCharacters/Models/ModularCharacter_StaticParts/Chr_ArmUpperLeft_Female_12_Static.fbx
  artifactKey: Guid(299899c4933a77046bf1d0d018a2b45c) Importer(815301076,1909f56bfc062723c751e8b465ee728b)
Start importing Assets/Art/PolygonFantasyHeroCharacters/Models/ModularCharacter_StaticParts/Chr_ArmUpperLeft_Female_12_Static.fbx using Guid(299899c4933a77046bf1d0d018a2b45c) Importer(815301076,1909f56bfc062723c751e8b465ee728b)  -> (artifact id: 'ca5b7ac620f5c40a41414f39d7188c8a') in 0.008179 seconds
Number of updated asset objects reloaded before import = 0
Number of asset objects unloaded after import = 7
